<?xml version="1.0" encoding="UTF-8"?>
<testsuite name="com.amazon.ata.unittesting.AtaAdditionTest" tests="5" skipped="0" failures="0" errors="0" timestamp="2022-12-07T03:57:39" hostname="DESKTOP-K1S8I4E" time="0.106">
  <properties/>
  <testcase name="add_sumOutOfBounds_throwsArithmeticException()" classname="com.amazon.ata.unittesting.AtaAdditionTest" time="0.054"/>
  <testcase name="add_singleInteger_returnsTheInteger()" classname="com.amazon.ata.unittesting.AtaAdditionTest" time="0.007"/>
  <testcase name="add_emptyArray_returnsZero()" classname="com.amazon.ata.unittesting.AtaAdditionTest" time="0.004"/>
  <testcase name="add_nullArray_returnsZero()" classname="com.amazon.ata.unittesting.AtaAdditionTest" time="0.026"/>
  <testcase name="add_twoIntegers_returnsTheirSum()" classname="com.amazon.ata.unittesting.AtaAdditionTest" time="0.005"/>
  <system-out><![CDATA[]]></system-out>
  <system-err><![CDATA[]]></system-err>
</testsuite>
